<?xml version="1.0" encoding="UTF-8"?>
<coverage generated="1765411836944" clover="3.2.0">
  <project timestamp="1765411836944" name="All files">
    <metrics statements="27" coveredstatements="20" conditionals="24" coveredconditionals="11" methods="10" coveredmethods="9" elements="61" coveredelements="40" complexity="0" loc="27" ncloc="27" packages="2" files="3" classes="3"/>
    <package name="src">
      <metrics statements="10" coveredstatements="7" conditionals="4" coveredconditionals="2" methods="2" coveredmethods="2"/>
      <file name="App.tsx" path="/Users/gjorcheska/Documents/GitHub/Turisticni_informator_v_ana/frontend/src/App.tsx">
        <metrics statements="10" coveredstatements="7" conditionals="4" coveredconditionals="2" methods="2" coveredmethods="2"/>
        <line num="7" count="11" type="stmt"/>
        <line num="8" count="11" type="stmt"/>
        <line num="10" count="11" type="stmt"/>
        <line num="11" count="1" type="cond" truecount="1" falsecount="1"/>
        <line num="12" count="0" type="stmt"/>
        <line num="13" count="0" type="stmt"/>
        <line num="14" count="0" type="stmt"/>
        <line num="16" count="1" type="stmt"/>
        <line num="17" count="1" type="stmt"/>
        <line num="20" count="11" type="stmt"/>
      </file>
    </package>
    <package name="src.components">
      <metrics statements="17" coveredstatements="13" conditionals="20" coveredconditionals="9" methods="8" coveredmethods="7"/>
      <file name="CityList.tsx" path="/Users/gjorcheska/Documents/GitHub/Turisticni_informator_v_ana/frontend/src/components/CityList.tsx">
        <metrics statements="10" coveredstatements="6" conditionals="14" coveredconditionals="4" methods="3" coveredmethods="2"/>
        <line num="11" count="11" type="stmt"/>
        <line num="14" count="1" type="stmt"/>
        <line num="15" count="1" type="cond" truecount="1" falsecount="1"/>
        <line num="16" count="1" type="stmt"/>
        <line num="21" count="11" type="cond" truecount="2" falsecount="0"/>
        <line num="22" count="1" type="cond" truecount="1" falsecount="1"/>
        <line num="23" count="0" type="cond" truecount="0" falsecount="2"/>
        <line num="24" count="0" type="cond" truecount="0" falsecount="4"/>
        <line num="26" count="0" type="stmt"/>
        <line num="29" count="0" type="stmt"/>
      </file>
      <file name="CountrySelect.tsx" path="/Users/gjorcheska/Documents/GitHub/Turisticni_informator_v_ana/frontend/src/components/CountrySelect.tsx">
        <metrics statements="7" coveredstatements="7" conditionals="6" coveredconditionals="5" methods="5" coveredmethods="5"/>
        <line num="3" count="14" type="stmt"/>
        <line num="5" count="10" type="stmt"/>
        <line num="7" count="14" type="cond" truecount="2" falsecount="0"/>
        <line num="8" count="4" type="cond" truecount="1" falsecount="1"/>
        <line num="9" count="4" type="stmt"/>
        <line num="12" count="1" type="cond" truecount="2" falsecount="0"/>
        <line num="14" count="8" type="stmt"/>
      </file>
    </package>
  </project>
</coverage>
