{"/Users/gjorcheska/Documents/GitHub/Turisticni_informator_v_ana/frontend/src/App.tsx": {"path":"/Users/gjorcheska/Documents/GitHub/Turisticni_informator_v_ana/frontend/src/App.tsx","statementMap":{"0":{"start":{"line":7,"column":32},"end":{"line":7,"column":null}},"1":{"start":{"line":8,"column":20},"end":{"line":8,"column":null}},"2":{"start":{"line":10,"column":26},"end":{"line":18,"column":null}},"3":{"start":{"line":11,"column":4},"end":{"line":15,"column":null}},"4":{"start":{"line":12,"column":6},"end":{"line":12,"column":null}},"5":{"start":{"line":13,"column":6},"end":{"line":13,"column":null}},"6":{"start":{"line":14,"column":6},"end":{"line":14,"column":null}},"7":{"start":{"line":16,"column":4},"end":{"line":16,"column":null}},"8":{"start":{"line":17,"column":4},"end":{"line":17,"column":null}},"9":{"start":{"line":20,"column":2},"end":{"line":44,"column":null}}},"fnMap":{"0":{"name":"App","decl":{"start":{"line":6,"column":24},"end":{"line":6,"column":30}},"loc":{"start":{"line":6,"column":30},"end":{"line":46,"column":null}},"line":6},"1":{"name":"(anonymous_1)","decl":{"start":{"line":10,"column":26},"end":{"line":10,"column":27}},"loc":{"start":{"line":10,"column":42},"end":{"line":18,"column":null}},"line":10}},"branchMap":{"0":{"loc":{"start":{"line":11,"column":4},"end":{"line":15,"column":null}},"type":"if","locations":[{"start":{"line":11,"column":4},"end":{"line":15,"column":null}},{"start":{},"end":{}}],"line":11},"1":{"loc":{"start":{"line":41,"column":7},"end":{"line":41,"column":null}},"type":"binary-expr","locations":[{"start":{"line":41,"column":7},"end":{"line":41,"column":14}},{"start":{"line":41,"column":14},"end":{"line":41,"column":null}}],"line":41}},"s":{"0":11,"1":11,"2":11,"3":1,"4":0,"5":0,"6":0,"7":1,"8":1,"9":11},"f":{"0":11,"1":1},"b":{"0":[0,1],"1":[11,0]},"meta":{"lastBranch":2,"lastFunction":2,"lastStatement":10,"seen":{"f:6:24:6:30":0,"s:7:32:7:Infinity":0,"s:8:20:8:Infinity":1,"s:10:26:18:Infinity":2,"f:10:26:10:27":1,"b:11:4:15:Infinity:undefined:undefined:undefined:undefined":0,"s:11:4:15:Infinity":3,"s:12:6:12:Infinity":4,"s:13:6:13:Infinity":5,"s:14:6:14:Infinity":6,"s:16:4:16:Infinity":7,"s:17:4:17:Infinity":8,"s:20:2:44:Infinity":9,"b:41:7:41:14:41:14:41:Infinity":1}}}
,"/Users/gjorcheska/Documents/GitHub/Turisticni_informator_v_ana/frontend/src/components/CityList.tsx": {"path":"/Users/gjorcheska/Documents/GitHub/Turisticni_informator_v_ana/frontend/src/components/CityList.tsx","statementMap":{"0":{"start":{"line":11,"column":35},"end":{"line":19,"column":null}},"1":{"start":{"line":14,"column":16},"end":{"line":14,"column":null}},"2":{"start":{"line":15,"column":6},"end":{"line":15,"column":null}},"3":{"start":{"line":15,"column":17},"end":{"line":15,"column":null}},"4":{"start":{"line":16,"column":6},"end":{"line":16,"column":null}},"5":{"start":{"line":21,"column":2},"end":{"line":21,"column":null}},"6":{"start":{"line":21,"column":18},"end":{"line":21,"column":null}},"7":{"start":{"line":22,"column":2},"end":{"line":22,"column":null}},"8":{"start":{"line":22,"column":17},"end":{"line":22,"column":null}},"9":{"start":{"line":23,"column":2},"end":{"line":23,"column":null}},"10":{"start":{"line":23,"column":15},"end":{"line":23,"column":null}},"11":{"start":{"line":24,"column":2},"end":{"line":24,"column":null}},"12":{"start":{"line":24,"column":34},"end":{"line":24,"column":null}},"13":{"start":{"line":26,"column":2},"end":{"line":43,"column":null}},"14":{"start":{"line":29,"column":8},"end":{"line":41,"column":null}}},"fnMap":{"0":{"name":"CityList","decl":{"start":{"line":10,"column":16},"end":{"line":10,"column":25}},"loc":{"start":{"line":10,"column":64},"end":{"line":45,"column":null}},"line":10},"1":{"name":"(anonymous_1)","decl":{"start":{"line":13,"column":13},"end":{"line":13,"column":25}},"loc":{"start":{"line":13,"column":25},"end":{"line":17,"column":null}},"line":13},"2":{"name":"(anonymous_2)","decl":{"start":{"line":28,"column":16},"end":{"line":28,"column":17}},"loc":{"start":{"line":29,"column":8},"end":{"line":41,"column":null}},"line":29}},"branchMap":{"0":{"loc":{"start":{"line":15,"column":6},"end":{"line":15,"column":null}},"type":"if","locations":[{"start":{"line":15,"column":6},"end":{"line":15,"column":null}},{"start":{},"end":{}}],"line":15},"1":{"loc":{"start":{"line":21,"column":2},"end":{"line":21,"column":null}},"type":"if","locations":[{"start":{"line":21,"column":2},"end":{"line":21,"column":null}},{"start":{},"end":{}}],"line":21},"2":{"loc":{"start":{"line":22,"column":2},"end":{"line":22,"column":null}},"type":"if","locations":[{"start":{"line":22,"column":2},"end":{"line":22,"column":null}},{"start":{},"end":{}}],"line":22},"3":{"loc":{"start":{"line":23,"column":2},"end":{"line":23,"column":null}},"type":"if","locations":[{"start":{"line":23,"column":2},"end":{"line":23,"column":null}},{"start":{},"end":{}}],"line":23},"4":{"loc":{"start":{"line":24,"column":2},"end":{"line":24,"column":null}},"type":"if","locations":[{"start":{"line":24,"column":2},"end":{"line":24,"column":null}},{"start":{},"end":{}}],"line":24},"5":{"loc":{"start":{"line":24,"column":6},"end":{"line":24,"column":34}},"type":"binary-expr","locations":[{"start":{"line":24,"column":6},"end":{"line":24,"column":15}},{"start":{"line":24,"column":15},"end":{"line":24,"column":34}}],"line":24},"6":{"loc":{"start":{"line":34,"column":17},"end":{"line":34,"column":null}},"type":"binary-expr","locations":[{"start":{"line":34,"column":17},"end":{"line":34,"column":36}},{"start":{"line":34,"column":36},"end":{"line":34,"column":null}}],"line":34}},"s":{"0":11,"1":1,"2":1,"3":0,"4":1,"5":11,"6":10,"7":1,"8":1,"9":0,"10":0,"11":0,"12":0,"13":0,"14":0},"f":{"0":11,"1":1,"2":0},"b":{"0":[0,1],"1":[10,1],"2":[1,0],"3":[0,0],"4":[0,0],"5":[0,0],"6":[0,0]},"meta":{"lastBranch":7,"lastFunction":3,"lastStatement":15,"seen":{"f:10:16:10:25":0,"s:11:35:19:Infinity":0,"f:13:13:13:25":1,"s:14:16:14:Infinity":1,"b:15:6:15:Infinity:undefined:undefined:undefined:undefined":0,"s:15:6:15:Infinity":2,"s:15:17:15:Infinity":3,"s:16:6:16:Infinity":4,"b:21:2:21:Infinity:undefined:undefined:undefined:undefined":1,"s:21:2:21:Infinity":5,"s:21:18:21:Infinity":6,"b:22:2:22:Infinity:undefined:undefined:undefined:undefined":2,"s:22:2:22:Infinity":7,"s:22:17:22:Infinity":8,"b:23:2:23:Infinity:undefined:undefined:undefined:undefined":3,"s:23:2:23:Infinity":9,"s:23:15:23:Infinity":10,"b:24:2:24:Infinity:undefined:undefined:undefined:undefined":4,"s:24:2:24:Infinity":11,"b:24:6:24:15:24:15:24:34":5,"s:24:34:24:Infinity":12,"s:26:2:43:Infinity":13,"f:28:16:28:17":2,"s:29:8:41:Infinity":14,"b:34:17:34:36:34:36:34:Infinity":6}}}
,"/Users/gjorcheska/Documents/GitHub/Turisticni_informator_v_ana/frontend/src/components/CountrySelect.tsx": {"path":"/Users/gjorcheska/Documents/GitHub/Turisticni_informator_v_ana/frontend/src/components/CountrySelect.tsx","statementMap":{"0":{"start":{"line":3,"column":33},"end":{"line":6,"column":null}},"1":{"start":{"line":5,"column":16},"end":{"line":5,"column":null}},"2":{"start":{"line":5,"column":48},"end":{"line":5,"column":56}},"3":{"start":{"line":7,"column":2},"end":{"line":7,"column":null}},"4":{"start":{"line":7,"column":17},"end":{"line":7,"column":null}},"5":{"start":{"line":8,"column":2},"end":{"line":8,"column":null}},"6":{"start":{"line":8,"column":13},"end":{"line":8,"column":null}},"7":{"start":{"line":9,"column":2},"end":{"line":16,"column":null}},"8":{"start":{"line":12,"column":67},"end":{"line":12,"column":null}},"9":{"start":{"line":14,"column":28},"end":{"line":14,"column":77}}},"fnMap":{"0":{"name":"CountrySelect","decl":{"start":{"line":2,"column":16},"end":{"line":2,"column":30}},"loc":{"start":{"line":2,"column":95},"end":{"line":18,"column":null}},"line":2},"1":{"name":"(anonymous_1)","decl":{"start":{"line":5,"column":12},"end":{"line":5,"column":16}},"loc":{"start":{"line":5,"column":16},"end":{"line":5,"column":null}},"line":5},"2":{"name":"(anonymous_2)","decl":{"start":{"line":5,"column":45},"end":{"line":5,"column":48}},"loc":{"start":{"line":5,"column":48},"end":{"line":5,"column":56}},"line":5},"3":{"name":"(anonymous_3)","decl":{"start":{"line":12,"column":64},"end":{"line":12,"column":67}},"loc":{"start":{"line":12,"column":67},"end":{"line":12,"column":null}},"line":12},"4":{"name":"(anonymous_4)","decl":{"start":{"line":14,"column":19},"end":{"line":14,"column":20}},"loc":{"start":{"line":14,"column":28},"end":{"line":14,"column":77}},"line":14}},"branchMap":{"0":{"loc":{"start":{"line":7,"column":2},"end":{"line":7,"column":null}},"type":"if","locations":[{"start":{"line":7,"column":2},"end":{"line":7,"column":null}},{"start":{},"end":{}}],"line":7},"1":{"loc":{"start":{"line":8,"column":2},"end":{"line":8,"column":null}},"type":"if","locations":[{"start":{"line":8,"column":2},"end":{"line":8,"column":null}},{"start":{},"end":{}}],"line":8},"2":{"loc":{"start":{"line":12,"column":41},"end":{"line":12,"column":54}},"type":"binary-expr","locations":[{"start":{"line":12,"column":41},"end":{"line":12,"column":50}},{"start":{"line":12,"column":50},"end":{"line":12,"column":54}}],"line":12}},"s":{"0":14,"1":10,"2":10,"3":14,"4":10,"5":4,"6":4,"7":4,"8":1,"9":8},"f":{"0":14,"1":10,"2":10,"3":1,"4":8},"b":{"0":[10,4],"1":[0,4],"2":[4,3]},"meta":{"lastBranch":3,"lastFunction":5,"lastStatement":10,"seen":{"f:2:16:2:30":0,"s:3:33:6:Infinity":0,"f:5:12:5:16":1,"s:5:16:5:Infinity":1,"f:5:45:5:48":2,"s:5:48:5:56":2,"b:7:2:7:Infinity:undefined:undefined:undefined:undefined":0,"s:7:2:7:Infinity":3,"s:7:17:7:Infinity":4,"b:8:2:8:Infinity:undefined:undefined:undefined:undefined":1,"s:8:2:8:Infinity":5,"s:8:13:8:Infinity":6,"s:9:2:16:Infinity":7,"b:12:41:12:50:12:50:12:54":2,"f:12:64:12:67":3,"s:12:67:12:Infinity":8,"f:14:19:14:20":4,"s:14:28:14:77":9}}}
}
