<?xml version="1.0" encoding="UTF-8"?>
<coverage generated="1765412338922" clover="3.2.0">
  <project timestamp="1765412338922" name="All files">
    <metrics statements="105" coveredstatements="56" conditionals="48" coveredconditionals="22" methods="12" coveredmethods="5" elements="165" coveredelements="83" complexity="0" loc="105" ncloc="105" packages="1" files="2" classes="2"/>
    <file name="db.ts" path="/Users/gjorcheska/Documents/GitHub/Turisticni_informator_v_ana/backend/src/db.ts">
      <metrics statements="2" coveredstatements="2" conditionals="10" coveredconditionals="5" methods="0" coveredmethods="0"/>
      <line num="1" count="4" type="stmt"/>
      <line num="3" count="4" type="stmt"/>
    </file>
    <file name="server.ts" path="/Users/gjorcheska/Documents/GitHub/Turisticni_informator_v_ana/backend/src/server.ts">
      <metrics statements="103" coveredstatements="54" conditionals="38" coveredconditionals="17" methods="12" coveredmethods="5"/>
      <line num="2" count="4" type="stmt"/>
      <line num="3" count="4" type="stmt"/>
      <line num="4" count="4" type="stmt"/>
      <line num="6" count="4" type="stmt"/>
      <line num="7" count="4" type="stmt"/>
      <line num="10" count="4" type="stmt"/>
      <line num="11" count="2" type="stmt"/>
      <line num="12" count="2" type="cond" truecount="2" falsecount="0"/>
      <line num="13" count="2" type="cond" truecount="2" falsecount="0"/>
      <line num="23" count="2" type="stmt"/>
      <line num="24" count="2" type="stmt"/>
      <line num="26" count="0" type="stmt"/>
      <line num="31" count="4" type="stmt"/>
      <line num="32" count="2" type="stmt"/>
      <line num="33" count="2" type="stmt"/>
      <line num="34" count="2" type="cond" truecount="1" falsecount="1"/>
      <line num="35" count="0" type="stmt"/>
      <line num="37" count="2" type="stmt"/>
      <line num="38" count="2" type="cond" truecount="2" falsecount="0"/>
      <line num="39" count="1" type="stmt"/>
      <line num="41" count="1" type="stmt"/>
      <line num="45" count="1" type="stmt"/>
      <line num="47" count="0" type="stmt"/>
      <line num="52" count="4" type="stmt"/>
      <line num="53" count="3" type="stmt"/>
      <line num="54" count="3" type="stmt"/>
      <line num="55" count="3" type="cond" truecount="2" falsecount="0"/>
      <line num="56" count="1" type="stmt"/>
      <line num="58" count="2" type="stmt"/>
      <line num="62" count="2" type="cond" truecount="2" falsecount="0"/>
      <line num="63" count="1" type="stmt"/>
      <line num="65" count="1" type="stmt"/>
      <line num="67" count="0" type="stmt"/>
      <line num="72" count="4" type="stmt"/>
      <line num="73" count="0" type="stmt"/>
      <line num="74" count="0" type="stmt"/>
      <line num="75" count="0" type="cond" truecount="0" falsecount="2"/>
      <line num="76" count="0" type="stmt"/>
      <line num="78" count="0" type="stmt"/>
      <line num="82" count="0" type="stmt"/>
      <line num="84" count="0" type="stmt"/>
      <line num="89" count="4" type="stmt"/>
      <line num="90" count="1" type="stmt"/>
      <line num="91" count="1" type="cond" truecount="1" falsecount="1"/>
      <line num="92" count="1" type="stmt"/>
      <line num="93" count="1" type="stmt"/>
      <line num="95" count="1" type="stmt"/>
      <line num="96" count="1" type="stmt"/>
      <line num="98" count="1" type="cond" truecount="1" falsecount="1"/>
      <line num="99" count="0" type="stmt"/>
      <line num="100" count="0" type="stmt"/>
      <line num="102" count="1" type="cond" truecount="1" falsecount="1"/>
      <line num="103" count="0" type="stmt"/>
      <line num="104" count="0" type="stmt"/>
      <line num="106" count="1" type="cond" truecount="1" falsecount="1"/>
      <line num="107" count="0" type="stmt"/>
      <line num="110" count="0" type="stmt"/>
      <line num="113" count="1" type="stmt"/>
      <line num="119" count="1" type="stmt"/>
      <line num="120" count="1" type="stmt"/>
      <line num="122" count="0" type="stmt"/>
      <line num="127" count="4" type="stmt"/>
      <line num="128" count="1" type="stmt"/>
      <line num="129" count="1" type="stmt"/>
      <line num="130" count="1" type="cond" truecount="1" falsecount="1"/>
      <line num="131" count="1" type="stmt"/>
      <line num="133" count="0" type="stmt"/>
      <line num="139" count="0" type="cond" truecount="0" falsecount="2"/>
      <line num="140" count="0" type="stmt"/>
      <line num="142" count="0" type="stmt"/>
      <line num="144" count="0" type="stmt"/>
      <line num="149" count="4" type="stmt"/>
      <line num="150" count="0" type="stmt"/>
      <line num="151" count="0" type="stmt"/>
      <line num="152" count="0" type="stmt"/>
      <line num="154" count="0" type="stmt"/>
      <line num="158" count="4" type="stmt"/>
      <line num="159" count="0" type="stmt"/>
      <line num="160" count="0" type="stmt"/>
      <line num="161" count="0" type="cond" truecount="0" falsecount="4"/>
      <line num="162" count="0" type="stmt"/>
      <line num="165" count="0" type="stmt"/>
      <line num="166" count="0" type="stmt"/>
      <line num="168" count="0" type="stmt"/>
      <line num="170" count="0" type="stmt"/>
      <line num="174" count="4" type="stmt"/>
      <line num="175" count="0" type="stmt"/>
      <line num="176" count="0" type="stmt"/>
      <line num="179" count="0" type="stmt"/>
      <line num="181" count="0" type="stmt"/>
      <line num="185" count="4" type="stmt"/>
      <line num="186" count="0" type="stmt"/>
      <line num="187" count="0" type="stmt"/>
      <line num="188" count="0" type="cond" truecount="0" falsecount="4"/>
      <line num="189" count="0" type="stmt"/>
      <line num="191" count="0" type="stmt"/>
      <line num="196" count="0" type="stmt"/>
      <line num="202" count="0" type="stmt"/>
      <line num="204" count="0" type="stmt"/>
      <line num="209" count="4" type="stmt"/>
      <line num="210" count="0" type="stmt"/>
      <line num="211" count="0" type="stmt"/>
      <line num="215" count="4" type="stmt"/>
    </file>
  </project>
</coverage>
