{"/Users/gjorcheska/Documents/GitHub/Turisticni_informator_v_ana/backend/src/db.ts": {"path":"/Users/gjorcheska/Documents/GitHub/Turisticni_informator_v_ana/backend/src/db.ts","statementMap":{"0":{"start":{"line":1,"column":0},"end":{"line":1,"column":26}},"1":{"start":{"line":3,"column":13},"end":{"line":9,"column":3}}},"fnMap":{},"branchMap":{"0":{"loc":{"start":{"line":4,"column":8},"end":{"line":4,"column":42}},"type":"binary-expr","locations":[{"start":{"line":4,"column":8},"end":{"line":4,"column":27}},{"start":{"line":4,"column":31},"end":{"line":4,"column":42}}]},"1":{"loc":{"start":{"line":5,"column":15},"end":{"line":5,"column":42}},"type":"binary-expr","locations":[{"start":{"line":5,"column":15},"end":{"line":5,"column":34}},{"start":{"line":5,"column":38},"end":{"line":5,"column":42}}]},"2":{"loc":{"start":{"line":6,"column":8},"end":{"line":6,"column":36}},"type":"binary-expr","locations":[{"start":{"line":6,"column":8},"end":{"line":6,"column":27}},{"start":{"line":6,"column":31},"end":{"line":6,"column":36}}]},"3":{"loc":{"start":{"line":7,"column":12},"end":{"line":7,"column":44}},"type":"binary-expr","locations":[{"start":{"line":7,"column":12},"end":{"line":7,"column":35}},{"start":{"line":7,"column":39},"end":{"line":7,"column":44}}]},"4":{"loc":{"start":{"line":8,"column":12},"end":{"line":8,"column":45}},"type":"binary-expr","locations":[{"start":{"line":8,"column":12},"end":{"line":8,"column":31}},{"start":{"line":8,"column":35},"end":{"line":8,"column":45}}]}},"s":{"0":4,"1":4},"f":{},"b":{"0":[4,0],"1":[4,0],"2":[4,0],"3":[4,0],"4":[4,0]}}
,"/Users/gjorcheska/Documents/GitHub/Turisticni_informator_v_ana/backend/src/server.ts": {"path":"/Users/gjorcheska/Documents/GitHub/Turisticni_informator_v_ana/backend/src/server.ts","statementMap":{"0":{"start":{"line":2,"column":0},"end":{"line":2,"column":23}},"1":{"start":{"line":3,"column":0},"end":{"line":3,"column":30}},"2":{"start":{"line":4,"column":0},"end":{"line":4,"column":26}},"3":{"start":{"line":6,"column":12},"end":{"line":6,"column":21}},"4":{"start":{"line":7,"column":0},"end":{"line":7,"column":24}},"5":{"start":{"line":10,"column":0},"end":{"line":28,"column":3}},"6":{"start":{"line":11,"column":2},"end":{"line":27,"column":3}},"7":{"start":{"line":12,"column":14},"end":{"line":12,"column":46}},"8":{"start":{"line":13,"column":16},"end":{"line":21,"column":10}},"9":{"start":{"line":23,"column":21},"end":{"line":23,"column":40}},"10":{"start":{"line":24,"column":4},"end":{"line":24,"column":19}},"11":{"start":{"line":26,"column":4},"end":{"line":26,"column":12}},"12":{"start":{"line":31,"column":0},"end":{"line":49,"column":3}},"13":{"start":{"line":32,"column":2},"end":{"line":48,"column":3}},"14":{"start":{"line":33,"column":15},"end":{"line":33,"column":36}},"15":{"start":{"line":34,"column":4},"end":{"line":35,"column":67}},"16":{"start":{"line":35,"column":6},"end":{"line":35,"column":67}},"17":{"start":{"line":37,"column":19},"end":{"line":37,"column":78}},"18":{"start":{"line":38,"column":4},"end":{"line":39,"column":66}},"19":{"start":{"line":39,"column":6},"end":{"line":39,"column":66}},"20":{"start":{"line":41,"column":21},"end":{"line":43,"column":null}},"21":{"start":{"line":45,"column":4},"end":{"line":45,"column":19}},"22":{"start":{"line":47,"column":4},"end":{"line":47,"column":12}},"23":{"start":{"line":52,"column":0},"end":{"line":69,"column":3}},"24":{"start":{"line":53,"column":2},"end":{"line":68,"column":3}},"25":{"start":{"line":54,"column":15},"end":{"line":54,"column":36}},"26":{"start":{"line":55,"column":4},"end":{"line":56,"column":64}},"27":{"start":{"line":56,"column":6},"end":{"line":56,"column":64}},"28":{"start":{"line":58,"column":21},"end":{"line":60,"column":null}},"29":{"start":{"line":62,"column":4},"end":{"line":63,"column":63}},"30":{"start":{"line":63,"column":6},"end":{"line":63,"column":63}},"31":{"start":{"line":65,"column":4},"end":{"line":65,"column":22}},"32":{"start":{"line":67,"column":4},"end":{"line":67,"column":12}},"33":{"start":{"line":72,"column":0},"end":{"line":86,"column":3}},"34":{"start":{"line":73,"column":2},"end":{"line":85,"column":3}},"35":{"start":{"line":74,"column":15},"end":{"line":74,"column":36}},"36":{"start":{"line":75,"column":4},"end":{"line":76,"column":64}},"37":{"start":{"line":76,"column":6},"end":{"line":76,"column":64}},"38":{"start":{"line":78,"column":21},"end":{"line":80,"column":null}},"39":{"start":{"line":82,"column":4},"end":{"line":82,"column":37}},"40":{"start":{"line":82,"column":29},"end":{"line":82,"column":34}},"41":{"start":{"line":84,"column":4},"end":{"line":84,"column":12}},"42":{"start":{"line":89,"column":0},"end":{"line":124,"column":3}},"43":{"start":{"line":90,"column":2},"end":{"line":123,"column":3}},"44":{"start":{"line":91,"column":19},"end":{"line":91,"column":76}},"45":{"start":{"line":92,"column":18},"end":{"line":92,"column":63}},"46":{"start":{"line":93,"column":15},"end":{"line":93,"column":57}},"47":{"start":{"line":95,"column":28},"end":{"line":95,"column":30}},"48":{"start":{"line":96,"column":24},"end":{"line":96,"column":26}},"49":{"start":{"line":98,"column":4},"end":{"line":101,"column":5}},"50":{"start":{"line":99,"column":6},"end":{"line":99,"column":50}},"51":{"start":{"line":100,"column":6},"end":{"line":100,"column":24}},"52":{"start":{"line":102,"column":4},"end":{"line":105,"column":5}},"53":{"start":{"line":103,"column":6},"end":{"line":103,"column":51}},"54":{"start":{"line":104,"column":6},"end":{"line":104,"column":22}},"55":{"start":{"line":106,"column":4},"end":{"line":111,"column":5}},"56":{"start":{"line":107,"column":6},"end":{"line":109,"column":8}},"57":{"start":{"line":110,"column":6},"end":{"line":110,"column":26}},"58":{"start":{"line":113,"column":16},"end":{"line":117,"column":21}},"59":{"start":{"line":119,"column":21},"end":{"line":119,"column":46}},"60":{"start":{"line":120,"column":4},"end":{"line":120,"column":19}},"61":{"start":{"line":122,"column":4},"end":{"line":122,"column":12}},"62":{"start":{"line":127,"column":0},"end":{"line":146,"column":3}},"63":{"start":{"line":128,"column":2},"end":{"line":145,"column":3}},"64":{"start":{"line":129,"column":15},"end":{"line":129,"column":36}},"65":{"start":{"line":130,"column":4},"end":{"line":131,"column":70}},"66":{"start":{"line":131,"column":6},"end":{"line":131,"column":70}},"67":{"start":{"line":133,"column":21},"end":{"line":136,"column":null}},"68":{"start":{"line":139,"column":4},"end":{"line":140,"column":69}},"69":{"start":{"line":140,"column":6},"end":{"line":140,"column":69}},"70":{"start":{"line":142,"column":4},"end":{"line":142,"column":22}},"71":{"start":{"line":144,"column":4},"end":{"line":144,"column":12}},"72":{"start":{"line":149,"column":0},"end":{"line":156,"column":3}},"73":{"start":{"line":150,"column":2},"end":{"line":155,"column":3}},"74":{"start":{"line":151,"column":21},"end":{"line":151,"column":89}},"75":{"start":{"line":152,"column":4},"end":{"line":152,"column":19}},"76":{"start":{"line":154,"column":4},"end":{"line":154,"column":12}},"77":{"start":{"line":158,"column":0},"end":{"line":172,"column":3}},"78":{"start":{"line":159,"column":2},"end":{"line":171,"column":3}},"79":{"start":{"line":160,"column":27},"end":{"line":160,"column":35}},"80":{"start":{"line":161,"column":4},"end":{"line":162,"column":63}},"81":{"start":{"line":162,"column":6},"end":{"line":162,"column":63}},"82":{"start":{"line":165,"column":6},"end":{"line":165,"column":83}},"83":{"start":{"line":166,"column":21},"end":{"line":166,"column":54}},"84":{"start":{"line":168,"column":4},"end":{"line":168,"column":22}},"85":{"start":{"line":170,"column":4},"end":{"line":170,"column":12}},"86":{"start":{"line":174,"column":0},"end":{"line":183,"column":3}},"87":{"start":{"line":175,"column":2},"end":{"line":182,"column":3}},"88":{"start":{"line":176,"column":21},"end":{"line":177,"column":null}},"89":{"start":{"line":179,"column":4},"end":{"line":179,"column":19}},"90":{"start":{"line":181,"column":4},"end":{"line":181,"column":12}},"91":{"start":{"line":185,"column":0},"end":{"line":206,"column":3}},"92":{"start":{"line":186,"column":2},"end":{"line":205,"column":3}},"93":{"start":{"line":187,"column":48},"end":{"line":187,"column":56}},"94":{"start":{"line":188,"column":4},"end":{"line":189,"column":63}},"95":{"start":{"line":189,"column":6},"end":{"line":189,"column":63}},"96":{"start":{"line":191,"column":16},"end":{"line":195,"column":6}},"97":{"start":{"line":196,"column":21},"end":{"line":200,"column":6}},"98":{"start":{"line":202,"column":4},"end":{"line":202,"column":22}},"99":{"start":{"line":204,"column":4},"end":{"line":204,"column":12}},"100":{"start":{"line":209,"column":0},"end":{"line":212,"column":3}},"101":{"start":{"line":210,"column":2},"end":{"line":210,"column":41}},"102":{"start":{"line":211,"column":2},"end":{"line":211,"column":52}},"103":{"start":{"line":215,"column":0},"end":{"line":215,"column":19}}},"fnMap":{"0":{"name":"(anonymous_1)","decl":{"start":{"line":10,"column":22},"end":{"line":10,"column":27}},"loc":{"start":{"line":10,"column":47},"end":{"line":28,"column":1}}},"1":{"name":"(anonymous_2)","decl":{"start":{"line":31,"column":33},"end":{"line":31,"column":38}},"loc":{"start":{"line":31,"column":58},"end":{"line":49,"column":1}}},"2":{"name":"(anonymous_3)","decl":{"start":{"line":52,"column":23},"end":{"line":52,"column":28}},"loc":{"start":{"line":52,"column":48},"end":{"line":69,"column":1}}},"3":{"name":"(anonymous_4)","decl":{"start":{"line":72,"column":30},"end":{"line":72,"column":35}},"loc":{"start":{"line":72,"column":55},"end":{"line":86,"column":1}}},"4":{"name":"(anonymous_5)","decl":{"start":{"line":82,"column":22},"end":{"line":82,"column":23}},"loc":{"start":{"line":82,"column":29},"end":{"line":82,"column":34}}},"5":{"name":"(anonymous_6)","decl":{"start":{"line":89,"column":24},"end":{"line":89,"column":29}},"loc":{"start":{"line":89,"column":49},"end":{"line":124,"column":1}}},"6":{"name":"(anonymous_7)","decl":{"start":{"line":127,"column":28},"end":{"line":127,"column":33}},"loc":{"start":{"line":127,"column":53},"end":{"line":146,"column":1}}},"7":{"name":"(anonymous_8)","decl":{"start":{"line":149,"column":28},"end":{"line":149,"column":33}},"loc":{"start":{"line":149,"column":53},"end":{"line":156,"column":1}}},"8":{"name":"(anonymous_9)","decl":{"start":{"line":158,"column":29},"end":{"line":158,"column":34}},"loc":{"start":{"line":158,"column":54},"end":{"line":172,"column":1}}},"9":{"name":"(anonymous_10)","decl":{"start":{"line":174,"column":25},"end":{"line":174,"column":30}},"loc":{"start":{"line":174,"column":50},"end":{"line":183,"column":1}}},"10":{"name":"(anonymous_11)","decl":{"start":{"line":185,"column":26},"end":{"line":185,"column":31}},"loc":{"start":{"line":185,"column":51},"end":{"line":206,"column":1}}},"11":{"name":"(anonymous_12)","decl":{"start":{"line":209,"column":8},"end":{"line":209,"column":9}},"loc":{"start":{"line":209,"column":52},"end":{"line":212,"column":1}}}},"branchMap":{"0":{"loc":{"start":{"line":12,"column":21},"end":{"line":12,"column":38}},"type":"binary-expr","locations":[{"start":{"line":12,"column":21},"end":{"line":12,"column":32}},{"start":{"line":12,"column":36},"end":{"line":12,"column":38}}]},"1":{"loc":{"start":{"line":13,"column":16},"end":{"line":21,"column":10}},"type":"cond-expr","locations":[{"start":{"line":14,"column":8},"end":{"line":17,"column":null}},{"start":{"line":18,"column":8},"end":{"line":21,"column":10}}]},"2":{"loc":{"start":{"line":34,"column":4},"end":{"line":35,"column":67}},"type":"if","locations":[{"start":{"line":34,"column":4},"end":{"line":35,"column":67}},{"start":{},"end":{}}]},"3":{"loc":{"start":{"line":38,"column":4},"end":{"line":39,"column":66}},"type":"if","locations":[{"start":{"line":38,"column":4},"end":{"line":39,"column":66}},{"start":{},"end":{}}]},"4":{"loc":{"start":{"line":55,"column":4},"end":{"line":56,"column":64}},"type":"if","locations":[{"start":{"line":55,"column":4},"end":{"line":56,"column":64}},{"start":{},"end":{}}]},"5":{"loc":{"start":{"line":62,"column":4},"end":{"line":63,"column":63}},"type":"if","locations":[{"start":{"line":62,"column":4},"end":{"line":63,"column":63}},{"start":{},"end":{}}]},"6":{"loc":{"start":{"line":75,"column":4},"end":{"line":76,"column":64}},"type":"if","locations":[{"start":{"line":75,"column":4},"end":{"line":76,"column":64}},{"start":{},"end":{}}]},"7":{"loc":{"start":{"line":91,"column":19},"end":{"line":91,"column":76}},"type":"cond-expr","locations":[{"start":{"line":91,"column":39},"end":{"line":91,"column":64}},{"start":{"line":91,"column":67},"end":{"line":91,"column":76}}]},"8":{"loc":{"start":{"line":98,"column":4},"end":{"line":101,"column":5}},"type":"if","locations":[{"start":{"line":98,"column":4},"end":{"line":101,"column":5}},{"start":{},"end":{}}]},"9":{"loc":{"start":{"line":102,"column":4},"end":{"line":105,"column":5}},"type":"if","locations":[{"start":{"line":102,"column":4},"end":{"line":105,"column":5}},{"start":{},"end":{}}]},"10":{"loc":{"start":{"line":106,"column":4},"end":{"line":111,"column":5}},"type":"if","locations":[{"start":{"line":106,"column":4},"end":{"line":111,"column":5}},{"start":{},"end":{}}]},"11":{"loc":{"start":{"line":116,"column":8},"end":{"line":116,"column":58}},"type":"cond-expr","locations":[{"start":{"line":116,"column":23},"end":{"line":116,"column":53}},{"start":{"line":116,"column":56},"end":{"line":116,"column":58}}]},"12":{"loc":{"start":{"line":130,"column":4},"end":{"line":131,"column":70}},"type":"if","locations":[{"start":{"line":130,"column":4},"end":{"line":131,"column":70}},{"start":{},"end":{}}]},"13":{"loc":{"start":{"line":139,"column":4},"end":{"line":140,"column":69}},"type":"if","locations":[{"start":{"line":139,"column":4},"end":{"line":140,"column":69}},{"start":{},"end":{}}]},"14":{"loc":{"start":{"line":161,"column":4},"end":{"line":162,"column":63}},"type":"if","locations":[{"start":{"line":161,"column":4},"end":{"line":162,"column":63}},{"start":{},"end":{}}]},"15":{"loc":{"start":{"line":161,"column":8},"end":{"line":161,"column":22}},"type":"binary-expr","locations":[{"start":{"line":161,"column":8},"end":{"line":161,"column":13}},{"start":{"line":161,"column":17},"end":{"line":161,"column":22}}]},"16":{"loc":{"start":{"line":188,"column":4},"end":{"line":189,"column":63}},"type":"if","locations":[{"start":{"line":188,"column":4},"end":{"line":189,"column":63}},{"start":{},"end":{}}]},"17":{"loc":{"start":{"line":188,"column":8},"end":{"line":188,"column":28}},"type":"binary-expr","locations":[{"start":{"line":188,"column":8},"end":{"line":188,"column":19}},{"start":{"line":188,"column":23},"end":{"line":188,"column":28}}]},"18":{"loc":{"start":{"line":199,"column":6},"end":{"line":199,"column":27}},"type":"binary-expr","locations":[{"start":{"line":199,"column":6},"end":{"line":199,"column":19}},{"start":{"line":199,"column":23},"end":{"line":199,"column":27}}]}},"s":{"0":4,"1":4,"2":4,"3":4,"4":4,"5":4,"6":2,"7":2,"8":2,"9":2,"10":0,"11":2,"12":4,"13":1,"14":1,"15":1,"16":0,"17":1,"18":0,"19":0,"20":0,"21":0,"22":1,"23":4,"24":2,"25":2,"26":2,"27":1,"28":1,"29":0,"30":0,"31":0,"32":1,"33":4,"34":0,"35":0,"36":0,"37":0,"38":0,"39":0,"40":0,"41":0,"42":4,"43":1,"44":1,"45":1,"46":1,"47":1,"48":1,"49":1,"50":0,"51":0,"52":1,"53":0,"54":0,"55":1,"56":0,"57":0,"58":1,"59":1,"60":0,"61":1,"62":4,"63":1,"64":1,"65":1,"66":1,"67":0,"68":0,"69":0,"70":0,"71":0,"72":4,"73":0,"74":0,"75":0,"76":0,"77":4,"78":0,"79":0,"80":0,"81":0,"82":0,"83":0,"84":0,"85":0,"86":4,"87":0,"88":0,"89":0,"90":0,"91":4,"92":0,"93":0,"94":0,"95":0,"96":0,"97":0,"98":0,"99":0,"100":4,"101":5,"102":5,"103":4},"f":{"0":2,"1":1,"2":2,"3":0,"4":0,"5":1,"6":1,"7":0,"8":0,"9":0,"10":0,"11":5},"b":{"0":[2,1],"1":[1,1],"2":[0,1],"3":[0,0],"4":[1,1],"5":[0,0],"6":[0,0],"7":[0,1],"8":[0,1],"9":[0,1],"10":[0,1],"11":[0,1],"12":[1,0],"13":[0,0],"14":[0,0],"15":[0,0],"16":[0,0],"17":[0,0],"18":[0,0]}}
}
