TN:
SF:src/db.ts
FNF:0
FNH:0
DA:1,4
DA:3,4
LF:2
LH:2
BRDA:4,0,0,4
BRDA:4,0,1,0
BRDA:5,1,0,4
BRDA:5,1,1,0
BRDA:6,2,0,4
BRDA:6,2,1,0
BRDA:7,3,0,4
BRDA:7,3,1,0
BRDA:8,4,0,4
BRDA:8,4,1,0
BRF:10
BRH:5
end_of_record
TN:
SF:src/server.ts
FN:10,(anonymous_1)
FN:31,(anonymous_2)
FN:52,(anonymous_3)
FN:72,(anonymous_4)
FN:82,(anonymous_5)
FN:89,(anonymous_6)
FN:127,(anonymous_7)
FN:149,(anonymous_8)
FN:158,(anonymous_9)
FN:174,(anonymous_10)
FN:185,(anonymous_11)
FN:209,(anonymous_12)
FNF:12
FNH:5
FNDA:2,(anonymous_1)
FNDA:2,(anonymous_2)
FNDA:3,(anonymous_3)
FNDA:0,(anonymous_4)
FNDA:0,(anonymous_5)
FNDA:1,(anonymous_6)
FNDA:1,(anonymous_7)
FNDA:0,(anonymous_8)
FNDA:0,(anonymous_9)
FNDA:0,(anonymous_10)
FNDA:0,(anonymous_11)
FNDA:0,(anonymous_12)
DA:2,4
DA:3,4
DA:4,4
DA:6,4
DA:7,4
DA:10,4
DA:11,2
DA:12,2
DA:13,2
DA:23,2
DA:24,2
DA:26,0
DA:31,4
DA:32,2
DA:33,2
DA:34,2
DA:35,0
DA:37,2
DA:38,2
DA:39,1
DA:41,1
DA:45,1
DA:47,0
DA:52,4
DA:53,3
DA:54,3
DA:55,3
DA:56,1
DA:58,2
DA:62,2
DA:63,1
DA:65,1
DA:67,0
DA:72,4
DA:73,0
DA:74,0
DA:75,0
DA:76,0
DA:78,0
DA:82,0
DA:84,0
DA:89,4
DA:90,1
DA:91,1
DA:92,1
DA:93,1
DA:95,1
DA:96,1
DA:98,1
DA:99,0
DA:100,0
DA:102,1
DA:103,0
DA:104,0
DA:106,1
DA:107,0
DA:110,0
DA:113,1
DA:119,1
DA:120,1
DA:122,0
DA:127,4
DA:128,1
DA:129,1
DA:130,1
DA:131,1
DA:133,0
DA:139,0
DA:140,0
DA:142,0
DA:144,0
DA:149,4
DA:150,0
DA:151,0
DA:152,0
DA:154,0
DA:158,4
DA:159,0
DA:160,0
DA:161,0
DA:162,0
DA:165,0
DA:166,0
DA:168,0
DA:170,0
DA:174,4
DA:175,0
DA:176,0
DA:179,0
DA:181,0
DA:185,4
DA:186,0
DA:187,0
DA:188,0
DA:189,0
DA:191,0
DA:196,0
DA:202,0
DA:204,0
DA:209,4
DA:210,0
DA:211,0
DA:215,4
LF:103
LH:54
BRDA:12,0,0,2
BRDA:12,0,1,1
BRDA:13,1,0,1
BRDA:13,1,1,1
BRDA:34,2,0,0
BRDA:34,2,1,2
BRDA:38,3,0,1
BRDA:38,3,1,1
BRDA:55,4,0,1
BRDA:55,4,1,2
BRDA:62,5,0,1
BRDA:62,5,1,1
BRDA:75,6,0,0
BRDA:75,6,1,0
BRDA:91,7,0,0
BRDA:91,7,1,1
BRDA:98,8,0,0
BRDA:98,8,1,1
BRDA:102,9,0,0
BRDA:102,9,1,1
BRDA:106,10,0,0
BRDA:106,10,1,1
BRDA:116,11,0,0
BRDA:116,11,1,1
BRDA:130,12,0,1
BRDA:130,12,1,0
BRDA:139,13,0,0
BRDA:139,13,1,0
BRDA:161,14,0,0
BRDA:161,14,1,0
BRDA:161,15,0,0
BRDA:161,15,1,0
BRDA:188,16,0,0
BRDA:188,16,1,0
BRDA:188,17,0,0
BRDA:188,17,1,0
BRDA:199,18,0,0
BRDA:199,18,1,0
BRF:38
BRH:17
end_of_record
